<?xml version="1.0" encoding="UTF-8"?>
<testsuite xmlns:xsi="http://www.w3.org/2001/XMLSchema-instance" xsi:noNamespaceSchemaLocation="https://maven.apache.org/surefire/maven-surefire-plugin/xsd/surefire-test-report.xsd" name="Transport4Future.TokenManagement.TokenRequestGenerationTest" time="0.27" tests="30" errors="2" skipped="0" failures="25">
  <properties>
[...]
</properties>
  <testcase name="ValidTestCases{String, String}[1]" classname="Transport4Future.TokenManagement.TokenRequestGenerationTest" time="0.053">
    <error message="Error: JSON object cannot be created due to incorrect representation" type="Transport4Future.TokenManagement.TokenManagementException">Transport4Future.TokenManagement.TokenManagementException: Error: JSON object cannot be created due to incorrect representation
	at Transport4Future.TokenManagement.TokenRequestGenerationTest.ValidTestCases(TokenRequestGenerationTest.java:32)
</error>
  </testcase>
  <testcase name="ValidTestCases{String, String}[2]" classname="Transport4Future.TokenManagement.TokenRequestGenerationTest" time="0">
    <error message="Error: JSON object cannot be created due to incorrect representation" type="Transport4Future.TokenManagement.TokenManagementException">Transport4Future.TokenManagement.TokenManagementException: Error: JSON object cannot be created due to incorrect representation
	at Transport4Future.TokenManagement.TokenRequestGenerationTest.ValidTestCases(TokenRequestGenerationTest.java:32)
</error>
  </testcase>
  <testcase name="InvalidTestCases{String, String}[1]" classname="Transport4Future.TokenManagement.TokenRequestGenerationTest" time="0.016">
    <failure message="expected: &lt;Error: invalid String length for device name.&gt; but was: &lt;Error: JSON object cannot be created due to incorrect representation&gt;" type="org.opentest4j.AssertionFailedError"><![CDATA[org.opentest4j.AssertionFailedError: expected: <Error: invalid String length for device name.> but was: <Error: JSON object cannot be created due to incorrect representation>
	at Transport4Future.TokenManagement.TokenRequestGenerationTest.InvalidTestCases(TokenRequestGenerationTest.java:25)
]]></failure>
  </testcase>
  <testcase name="InvalidTestCases{String, String}[2]" classname="Transport4Future.TokenManagement.TokenRequestGenerationTest" time="0">
    <failure message="expected: &lt;Error: invalid input data in JSON structure.&gt; but was: &lt;Error: JSON object cannot be created due to incorrect representation&gt;" type="org.opentest4j.AssertionFailedError"><![CDATA[org.opentest4j.AssertionFailedError: expected: <Error: invalid input data in JSON structure.> but was: <Error: JSON object cannot be created due to incorrect representation>
	at Transport4Future.TokenManagement.TokenRequestGenerationTest.InvalidTestCases(TokenRequestGenerationTest.java:25)
]]></failure>
  </testcase>
  <testcase name="InvalidTestCases{String, String}[3]" classname="Transport4Future.TokenManagement.TokenRequestGenerationTest" time="0">
    <failure message="expected: &lt;Error: invalid input data in JSON structure.&gt; but was: &lt;Error: JSON object cannot be created due to incorrect representation&gt;" type="org.opentest4j.AssertionFailedError"><![CDATA[org.opentest4j.AssertionFailedError: expected: <Error: invalid input data in JSON structure.> but was: <Error: JSON object cannot be created due to incorrect representation>
	at Transport4Future.TokenManagement.TokenRequestGenerationTest.InvalidTestCases(TokenRequestGenerationTest.java:25)
]]></failure>
  </testcase>
  <testcase name="InvalidTestCases{String, String}[4]" classname="Transport4Future.TokenManagement.TokenRequestGenerationTest" time="0">
    <failure message="expected: &lt;Error: invalid input data in JSON structure.&gt; but was: &lt;Error: JSON object cannot be created due to incorrect representation&gt;" type="org.opentest4j.AssertionFailedError"><![CDATA[org.opentest4j.AssertionFailedError: expected: <Error: invalid input data in JSON structure.> but was: <Error: JSON object cannot be created due to incorrect representation>
	at Transport4Future.TokenManagement.TokenRequestGenerationTest.InvalidTestCases(TokenRequestGenerationTest.java:25)
]]></failure>
  </testcase>
  <testcase name="InvalidTestCases{String, String}[5]" classname="Transport4Future.TokenManagement.TokenRequestGenerationTest" time="0">
    <failure message="expected: &lt;Error: invalid input data in JSON structure.&gt; but was: &lt;Error: JSON object cannot be created due to incorrect representation&gt;" type="org.opentest4j.AssertionFailedError"><![CDATA[org.opentest4j.AssertionFailedError: expected: <Error: invalid input data in JSON structure.> but was: <Error: JSON object cannot be created due to incorrect representation>
	at Transport4Future.TokenManagement.TokenRequestGenerationTest.InvalidTestCases(TokenRequestGenerationTest.java:25)
]]></failure>
  </testcase>
  <testcase name="InvalidTestCases{String, String}[6]" classname="Transport4Future.TokenManagement.TokenRequestGenerationTest" time="0">
    <failure message="expected: &lt;Error: invalid input data in JSON structure.&gt; but was: &lt;Error: JSON object cannot be created due to incorrect representation&gt;" type="org.opentest4j.AssertionFailedError"><![CDATA[org.opentest4j.AssertionFailedError: expected: <Error: invalid input data in JSON structure.> but was: <Error: JSON object cannot be created due to incorrect representation>
	at Transport4Future.TokenManagement.TokenRequestGenerationTest.InvalidTestCases(TokenRequestGenerationTest.java:25)
]]></failure>
  </testcase>
  <testcase name="InvalidTestCases{String, String}[7]" classname="Transport4Future.TokenManagement.TokenRequestGenerationTest" time="0">
    <failure message="expected: &lt;Error: invalid input data in JSON structure.&gt; but was: &lt;Error: JSON object cannot be created due to incorrect representation&gt;" type="org.opentest4j.AssertionFailedError"><![CDATA[org.opentest4j.AssertionFailedError: expected: <Error: invalid input data in JSON structure.> but was: <Error: JSON object cannot be created due to incorrect representation>
	at Transport4Future.TokenManagement.TokenRequestGenerationTest.InvalidTestCases(TokenRequestGenerationTest.java:25)
]]></failure>
  </testcase>
  <testcase name="InvalidTestCases{String, String}[8]" classname="Transport4Future.TokenManagement.TokenRequestGenerationTest" time="0">
    <failure message="expected: &lt;Error: invalid input data in JSON structure.&gt; but was: &lt;Error: JSON object cannot be created due to incorrect representation&gt;" type="org.opentest4j.AssertionFailedError"><![CDATA[org.opentest4j.AssertionFailedError: expected: <Error: invalid input data in JSON structure.> but was: <Error: JSON object cannot be created due to incorrect representation>
	at Transport4Future.TokenManagement.TokenRequestGenerationTest.InvalidTestCases(TokenRequestGenerationTest.java:25)
]]></failure>
  </testcase>
  <testcase name="InvalidTestCases{String, String}[9]" classname="Transport4Future.TokenManagement.TokenRequestGenerationTest" time="0">
    <failure message="expected: &lt;Error: invalid input data in JSON structure.&gt; but was: &lt;Error: JSON object cannot be created due to incorrect representation&gt;" type="org.opentest4j.AssertionFailedError"><![CDATA[org.opentest4j.AssertionFailedError: expected: <Error: invalid input data in JSON structure.> but was: <Error: JSON object cannot be created due to incorrect representation>
	at Transport4Future.TokenManagement.TokenRequestGenerationTest.InvalidTestCases(TokenRequestGenerationTest.java:25)
]]></failure>
  </testcase>
  <testcase name="InvalidTestCases{String, String}[10]" classname="Transport4Future.TokenManagement.TokenRequestGenerationTest" time="0">
    <failure message="expected: &lt;Error: invalid input data in JSON structure.&gt; but was: &lt;Error: JSON object cannot be created due to incorrect representation&gt;" type="org.opentest4j.AssertionFailedError"><![CDATA[org.opentest4j.AssertionFailedError: expected: <Error: invalid input data in JSON structure.> but was: <Error: JSON object cannot be created due to incorrect representation>
	at Transport4Future.TokenManagement.TokenRequestGenerationTest.InvalidTestCases(TokenRequestGenerationTest.java:25)
]]></failure>
  </testcase>
  <testcase name="InvalidTestCases{String, String}[11]" classname="Transport4Future.TokenManagement.TokenRequestGenerationTest" time="0">
    <failure message="expected: &lt;Error: invalid input data in JSON structure.&gt; but was: &lt;Error: JSON object cannot be created due to incorrect representation&gt;" type="org.opentest4j.AssertionFailedError"><![CDATA[org.opentest4j.AssertionFailedError: expected: <Error: invalid input data in JSON structure.> but was: <Error: JSON object cannot be created due to incorrect representation>
	at Transport4Future.TokenManagement.TokenRequestGenerationTest.InvalidTestCases(TokenRequestGenerationTest.java:25)
]]></failure>
  </testcase>
  <testcase name="InvalidTestCases{String, String}[12]" classname="Transport4Future.TokenManagement.TokenRequestGenerationTest" time="0.016">
    <failure message="expected: &lt;Error: invalid input data in JSON structure.&gt; but was: &lt;Error: JSON object cannot be created due to incorrect representation&gt;" type="org.opentest4j.AssertionFailedError"><![CDATA[org.opentest4j.AssertionFailedError: expected: <Error: invalid input data in JSON structure.> but was: <Error: JSON object cannot be created due to incorrect representation>
	at Transport4Future.TokenManagement.TokenRequestGenerationTest.InvalidTestCases(TokenRequestGenerationTest.java:25)
]]></failure>
  </testcase>
  <testcase name="InvalidTestCases{String, String}[13]" classname="Transport4Future.TokenManagement.TokenRequestGenerationTest" time="0">
    <failure message="expected: &lt;Error: invalid input data in JSON structure.&gt; but was: &lt;Error: JSON object cannot be created due to incorrect representation&gt;" type="org.opentest4j.AssertionFailedError"><![CDATA[org.opentest4j.AssertionFailedError: expected: <Error: invalid input data in JSON structure.> but was: <Error: JSON object cannot be created due to incorrect representation>
	at Transport4Future.TokenManagement.TokenRequestGenerationTest.InvalidTestCases(TokenRequestGenerationTest.java:25)
]]></failure>
  </testcase>
  <testcase name="InvalidTestCases{String, String}[14]" classname="Transport4Future.TokenManagement.TokenRequestGenerationTest" time="0.006">
    <failure message="expected: &lt;Error: invalid type of sensor.&gt; but was: &lt;Error: JSON object cannot be created due to incorrect representation&gt;" type="org.opentest4j.AssertionFailedError"><![CDATA[org.opentest4j.AssertionFailedError: expected: <Error: invalid type of sensor.> but was: <Error: JSON object cannot be created due to incorrect representation>
	at Transport4Future.TokenManagement.TokenRequestGenerationTest.InvalidTestCases(TokenRequestGenerationTest.java:25)
]]></failure>
  </testcase>
  <testcase name="InvalidTestCases{String, String}[15]" classname="Transport4Future.TokenManagement.TokenRequestGenerationTest" time="0">
    <failure message="expected: &lt;Error: invalid String length for driver version.&gt; but was: &lt;Error: JSON object cannot be created due to incorrect representation&gt;" type="org.opentest4j.AssertionFailedError"><![CDATA[org.opentest4j.AssertionFailedError: expected: <Error: invalid String length for driver version.> but was: <Error: JSON object cannot be created due to incorrect representation>
	at Transport4Future.TokenManagement.TokenRequestGenerationTest.InvalidTestCases(TokenRequestGenerationTest.java:25)
]]></failure>
  </testcase>
  <testcase name="InvalidTestCases{String, String}[16]" classname="Transport4Future.TokenManagement.TokenRequestGenerationTest" time="0">
    <failure message="expected: &lt;Error: invalid E-mail data in JSON structure.&gt; but was: &lt;Error: JSON object cannot be created due to incorrect representation&gt;" type="org.opentest4j.AssertionFailedError"><![CDATA[org.opentest4j.AssertionFailedError: expected: <Error: invalid E-mail data in JSON structure.> but was: <Error: JSON object cannot be created due to incorrect representation>
	at Transport4Future.TokenManagement.TokenRequestGenerationTest.InvalidTestCases(TokenRequestGenerationTest.java:25)
]]></failure>
  </testcase>
  <testcase name="InvalidTestCases{String, String}[17]" classname="Transport4Future.TokenManagement.TokenRequestGenerationTest" time="0">
    <failure message="expected: &lt;Error: invalid String length for serial number.&gt; but was: &lt;Error: JSON object cannot be created due to incorrect representation&gt;" type="org.opentest4j.AssertionFailedError"><![CDATA[org.opentest4j.AssertionFailedError: expected: <Error: invalid String length for serial number.> but was: <Error: JSON object cannot be created due to incorrect representation>
	at Transport4Future.TokenManagement.TokenRequestGenerationTest.InvalidTestCases(TokenRequestGenerationTest.java:25)
]]></failure>
  </testcase>
  <testcase name="InvalidTestCases{String, String}[18]" classname="Transport4Future.TokenManagement.TokenRequestGenerationTest" time="0.016">
    <failure message="expected: &lt;Error: invalid MAC Address data in JSON structure.&gt; but was: &lt;Error: JSON object cannot be created due to incorrect representation&gt;" type="org.opentest4j.AssertionFailedError"><![CDATA[org.opentest4j.AssertionFailedError: expected: <Error: invalid MAC Address data in JSON structure.> but was: <Error: JSON object cannot be created due to incorrect representation>
	at Transport4Future.TokenManagement.TokenRequestGenerationTest.InvalidTestCases(TokenRequestGenerationTest.java:25)
]]></failure>
  </testcase>
  <testcase name="InvalidTestCases{String, String}[19]" classname="Transport4Future.TokenManagement.TokenRequestGenerationTest" time="0">
    <failure message="expected: &lt;Error: invalid String length for device name.&gt; but was: &lt;Error: JSON object cannot be created due to incorrect representation&gt;" type="org.opentest4j.AssertionFailedError"><![CDATA[org.opentest4j.AssertionFailedError: expected: <Error: invalid String length for device name.> but was: <Error: JSON object cannot be created due to incorrect representation>
	at Transport4Future.TokenManagement.TokenRequestGenerationTest.InvalidTestCases(TokenRequestGenerationTest.java:25)
]]></failure>
  </testcase>
  <testcase name="InvalidTestCases{String, String}[20]" classname="Transport4Future.TokenManagement.TokenRequestGenerationTest" time="0">
    <failure message="expected: &lt;Error: invalid type of sensor.&gt; but was: &lt;Error: JSON object cannot be created due to incorrect representation&gt;" type="org.opentest4j.AssertionFailedError"><![CDATA[org.opentest4j.AssertionFailedError: expected: <Error: invalid type of sensor.> but was: <Error: JSON object cannot be created due to incorrect representation>
	at Transport4Future.TokenManagement.TokenRequestGenerationTest.InvalidTestCases(TokenRequestGenerationTest.java:25)
]]></failure>
  </testcase>
  <testcase name="InvalidTestCases{String, String}[21]" classname="Transport4Future.TokenManagement.TokenRequestGenerationTest" time="0.031">
    <failure message="expected: &lt;Error: invalid String length for driver version.&gt; but was: &lt;Error: JSON object cannot be created due to incorrect representation&gt;" type="org.opentest4j.AssertionFailedError"><![CDATA[org.opentest4j.AssertionFailedError: expected: <Error: invalid String length for driver version.> but was: <Error: JSON object cannot be created due to incorrect representation>
	at Transport4Future.TokenManagement.TokenRequestGenerationTest.InvalidTestCases(TokenRequestGenerationTest.java:25)
]]></failure>
  </testcase>
  <testcase name="InvalidTestCases{String, String}[22]" classname="Transport4Future.TokenManagement.TokenRequestGenerationTest" time="0">
    <failure message="expected: &lt;Error: invalid String length for driver version.&gt; but was: &lt;Error: JSON object cannot be created due to incorrect representation&gt;" type="org.opentest4j.AssertionFailedError"><![CDATA[org.opentest4j.AssertionFailedError: expected: <Error: invalid String length for driver version.> but was: <Error: JSON object cannot be created due to incorrect representation>
	at Transport4Future.TokenManagement.TokenRequestGenerationTest.InvalidTestCases(TokenRequestGenerationTest.java:25)
]]></failure>
  </testcase>
  <testcase name="InvalidTestCases{String, String}[23]" classname="Transport4Future.TokenManagement.TokenRequestGenerationTest" time="0">
    <failure message="expected: &lt;Error: invalid E-mail data in JSON structure.&gt; but was: &lt;Error: JSON object cannot be created due to incorrect representation&gt;" type="org.opentest4j.AssertionFailedError"><![CDATA[org.opentest4j.AssertionFailedError: expected: <Error: invalid E-mail data in JSON structure.> but was: <Error: JSON object cannot be created due to incorrect representation>
	at Transport4Future.TokenManagement.TokenRequestGenerationTest.InvalidTestCases(TokenRequestGenerationTest.java:25)
]]></failure>
  </testcase>
  <testcase name="InvalidTestCases{String, String}[24]" classname="Transport4Future.TokenManagement.TokenRequestGenerationTest" time="0">
    <failure message="expected: &lt;Error: invalid String length for serial number.&gt; but was: &lt;Error: JSON object cannot be created due to incorrect representation&gt;" type="org.opentest4j.AssertionFailedError"><![CDATA[org.opentest4j.AssertionFailedError: expected: <Error: invalid String length for serial number.> but was: <Error: JSON object cannot be created due to incorrect representation>
	at Transport4Future.TokenManagement.TokenRequestGenerationTest.InvalidTestCases(TokenRequestGenerationTest.java:25)
]]></failure>
  </testcase>
  <testcase name="InvalidTestCases{String, String}[25]" classname="Transport4Future.TokenManagement.TokenRequestGenerationTest" time="0">
    <failure message="expected: &lt;Error: invalid MAC Address data in JSON structure.&gt; but was: &lt;Error: JSON object cannot be created due to incorrect representation&gt;" type="org.opentest4j.AssertionFailedError"><![CDATA[org.opentest4j.AssertionFailedError: expected: <Error: invalid MAC Address data in JSON structure.> but was: <Error: JSON object cannot be created due to incorrect representation>
	at Transport4Future.TokenManagement.TokenRequestGenerationTest.InvalidTestCases(TokenRequestGenerationTest.java:25)
]]></failure>
  </testcase>
  <testcase name="InvalidTestCases{String, String}[26]" classname="Transport4Future.TokenManagement.TokenRequestGenerationTest" time="0"/>
  <testcase name="InvalidTestCases{String, String}[27]" classname="Transport4Future.TokenManagement.TokenRequestGenerationTest" time="0"/>
  <testcase name="InvalidTestCases{String, String}[28]" classname="Transport4Future.TokenManagement.TokenRequestGenerationTest" time="0"/>
</testsuite>