<?xml version="1.0" encoding="UTF-8"?>
<testsuite xmlns:xsi="http://www.w3.org/2001/XMLSchema-instance" xsi:noNamespaceSchemaLocation="https://maven.apache.org/surefire/maven-surefire-plugin/xsd/surefire-test-report.xsd" name="Transport4Future.TokenManagement.TokenRequestGenerationTest" time="0.346" tests="30" errors="0" skipped="0" failures="0">
  <properties>
[...]
</properties>
  <testcase name="ValidTestCases{String, String}[1]" classname="Transport4Future.TokenManagement.TokenRequestGenerationTest" time="0.141"/>
  <testcase name="ValidTestCases{String, String}[2]" classname="Transport4Future.TokenManagement.TokenRequestGenerationTest" time="0.015"/>
  <testcase name="InvalidTestCases{String, String}[1]" classname="Transport4Future.TokenManagement.TokenRequestGenerationTest" time="0"/>
  <testcase name="InvalidTestCases{String, String}[2]" classname="Transport4Future.TokenManagement.TokenRequestGenerationTest" time="0"/>
  <testcase name="InvalidTestCases{String, String}[3]" classname="Transport4Future.TokenManagement.TokenRequestGenerationTest" time="0.016"/>
  <testcase name="InvalidTestCases{String, String}[4]" classname="Transport4Future.TokenManagement.TokenRequestGenerationTest" time="0"/>
  <testcase name="InvalidTestCases{String, String}[5]" classname="Transport4Future.TokenManagement.TokenRequestGenerationTest" time="0"/>
  <testcase name="InvalidTestCases{String, String}[6]" classname="Transport4Future.TokenManagement.TokenRequestGenerationTest" time="0"/>
  <testcase name="InvalidTestCases{String, String}[7]" classname="Transport4Future.TokenManagement.TokenRequestGenerationTest" time="0"/>
  <testcase name="InvalidTestCases{String, String}[8]" classname="Transport4Future.TokenManagement.TokenRequestGenerationTest" time="0.016"/>
  <testcase name="InvalidTestCases{String, String}[9]" classname="Transport4Future.TokenManagement.TokenRequestGenerationTest" time="0"/>
  <testcase name="InvalidTestCases{String, String}[10]" classname="Transport4Future.TokenManagement.TokenRequestGenerationTest" time="0"/>
  <testcase name="InvalidTestCases{String, String}[11]" classname="Transport4Future.TokenManagement.TokenRequestGenerationTest" time="0"/>
  <testcase name="InvalidTestCases{String, String}[12]" classname="Transport4Future.TokenManagement.TokenRequestGenerationTest" time="0"/>
  <testcase name="InvalidTestCases{String, String}[13]" classname="Transport4Future.TokenManagement.TokenRequestGenerationTest" time="0.015"/>
  <testcase name="InvalidTestCases{String, String}[14]" classname="Transport4Future.TokenManagement.TokenRequestGenerationTest" time="0"/>
  <testcase name="InvalidTestCases{String, String}[15]" classname="Transport4Future.TokenManagement.TokenRequestGenerationTest" time="0"/>
  <testcase name="InvalidTestCases{String, String}[16]" classname="Transport4Future.TokenManagement.TokenRequestGenerationTest" time="0.016"/>
  <testcase name="InvalidTestCases{String, String}[17]" classname="Transport4Future.TokenManagement.TokenRequestGenerationTest" time="0"/>
  <testcase name="InvalidTestCases{String, String}[18]" classname="Transport4Future.TokenManagement.TokenRequestGenerationTest" time="0"/>
  <testcase name="InvalidTestCases{String, String}[19]" classname="Transport4Future.TokenManagement.TokenRequestGenerationTest" time="0"/>
  <testcase name="InvalidTestCases{String, String}[20]" classname="Transport4Future.TokenManagement.TokenRequestGenerationTest" time="0"/>
  <testcase name="InvalidTestCases{String, String}[21]" classname="Transport4Future.TokenManagement.TokenRequestGenerationTest" time="0.015"/>
  <testcase name="InvalidTestCases{String, String}[22]" classname="Transport4Future.TokenManagement.TokenRequestGenerationTest" time="0"/>
  <testcase name="InvalidTestCases{String, String}[23]" classname="Transport4Future.TokenManagement.TokenRequestGenerationTest" time="0"/>
  <testcase name="InvalidTestCases{String, String}[24]" classname="Transport4Future.TokenManagement.TokenRequestGenerationTest" time="0"/>
  <testcase name="InvalidTestCases{String, String}[25]" classname="Transport4Future.TokenManagement.TokenRequestGenerationTest" time="0.016"/>
  <testcase name="InvalidTestCases{String, String}[26]" classname="Transport4Future.TokenManagement.TokenRequestGenerationTest" time="0"/>
  <testcase name="InvalidTestCases{String, String}[27]" classname="Transport4Future.TokenManagement.TokenRequestGenerationTest" time="0"/>
  <testcase name="InvalidTestCases{String, String}[28]" classname="Transport4Future.TokenManagement.TokenRequestGenerationTest" time="0"/>
</testsuite>